Copyright 1986-2018 Xilinx, Inc. All Rights Reserved.
------------------------------------------------------------------------------------
| Tool Version : Vivado v.2018.3 (win64) Build 2405991 Thu Dec  6 23:38:27 MST 2018
| Date         : Sun Dec 15 19:40:07 2019
| Host         : DESKTOP-U8GI32S running 64-bit major release  (build 9200)
| Command      : upgrade_ip
| Device       : xc7a100tcsg324-1
------------------------------------------------------------------------------------

Upgrade Log for IP 'dist_sdmem_ip'

1. Summary
----------

SUCCESS in the upgrade of dist_sdmem_ip (xilinx.com:ip:dist_mem_gen:8.0) from (Rev. 10) to (Rev. 12)






Copyright 1986-2018 Xilinx, Inc. All Rights Reserved.
------------------------------------------------------------------------------------
| Tool Version : Vivado v.2018.3 (win64) Build 2405991 Thu Dec  6 23:38:27 MST 2018
| Date         : Sun Dec 15 19:40:06 2019
| Host         : DESKTOP-U8GI32S running 64-bit major release  (build 9200)
| Command      : upgrade_ip
| Device       : xc7a100tcsg324-1
------------------------------------------------------------------------------------

Upgrade Log for IP 'dist_dmem_ip'

1. Summary
----------

SUCCESS in the upgrade of dist_dmem_ip (xilinx.com:ip:dist_mem_gen:8.0) from (Rev. 10) to (Rev. 12)






Copyright 1986-2018 Xilinx, Inc. All Rights Reserved.
------------------------------------------------------------------------------------
| Tool Version : Vivado v.2018.3 (win64) Build 2405991 Thu Dec  6 23:38:27 MST 2018
| Date         : Sun Dec 15 19:40:05 2019
| Host         : DESKTOP-U8GI32S running 64-bit major release  (build 9200)
| Command      : upgrade_ip
| Device       : xc7a100tcsg324-1
------------------------------------------------------------------------------------

Upgrade Log for IP 'dist_ddrmem_ip'

1. Summary
----------

SUCCESS in the upgrade of dist_ddrmem_ip (xilinx.com:ip:dist_mem_gen:8.0) from (Rev. 10) to (Rev. 12)






Copyright 1986-2018 Xilinx, Inc. All Rights Reserved.
------------------------------------------------------------------------------------
| Tool Version : Vivado v.2018.3 (win64) Build 2405991 Thu Dec  6 23:38:27 MST 2018
| Date         : Sun Dec 15 19:40:04 2019
| Host         : DESKTOP-U8GI32S running 64-bit major release  (build 9200)
| Command      : upgrade_ip
| Device       : xc7a100tcsg324-1
------------------------------------------------------------------------------------

Upgrade Log for IP 'ddr2_ram'

1. Summary
----------

SUCCESS in the upgrade of ddr2_ram from xilinx.com:ip:mig_7series:4.1 to xilinx.com:ip:mig_7series:4.2






Copyright 1986-2018 Xilinx, Inc. All Rights Reserved.
------------------------------------------------------------------------------------
| Tool Version : Vivado v.2018.3 (win64) Build 2405991 Thu Dec  6 23:38:27 MST 2018
| Date         : Sun Dec 15 19:39:43 2019
| Host         : DESKTOP-U8GI32S running 64-bit major release  (build 9200)
| Command      : upgrade_ip
| Device       : xc7a100tcsg324-1
------------------------------------------------------------------------------------

Upgrade Log for IP 'clk_wiz_1'

1. Summary
----------

SUCCESS in the upgrade of clk_wiz_1 (xilinx.com:ip:clk_wiz:6.0) from (Rev. 1) to (Rev. 2)






Copyright 1986-2018 Xilinx, Inc. All Rights Reserved.
------------------------------------------------------------------------------------
| Tool Version : Vivado v.2018.3 (win64) Build 2405991 Thu Dec  6 23:38:27 MST 2018
| Date         : Sun Dec 15 19:39:42 2019
| Host         : DESKTOP-U8GI32S running 64-bit major release  (build 9200)
| Command      : upgrade_ip
| Device       : xc7a100tcsg324-1
------------------------------------------------------------------------------------

Upgrade Log for IP 'clk_wiz_0'

1. Summary
----------

SUCCESS in the upgrade of clk_wiz_0 (xilinx.com:ip:clk_wiz:6.0) from (Rev. 1) to (Rev. 2)

